2025-11-14 11:29:41,953 - INFO - Inputs: ['C:/Users/thiag/Downloads/0815146-68.2025.8.20.5004.pdf']
2025-11-14 11:29:41,953 - INFO - Out dir: C:/Users/thiag/Downloads/Contrarazoes ao Recurso Inominado
2025-11-14 11:29:41,953 - INFO - Max bytes: 52428800
2025-11-14 11:29:41,954 - INFO - Recursive: True
2025-11-14 11:29:41,954 - INFO - Use OCR: True
2025-11-14 11:29:41,954 - INFO - Clean chars: True
2025-11-14 11:29:41,954 - INFO - Checking path: C:/Users/thiag/Downloads/0815146-68.2025.8.20.5004.pdf -> C:\Users\thiag\Downloads\0815146-68.2025.8.20.5004.pdf
2025-11-14 11:29:41,954 - INFO - Added file: C:\Users\thiag\Downloads\0815146-68.2025.8.20.5004.pdf
2025-11-14 11:29:41,954 - INFO - Candidates found: ['C:\\Users\\thiag\\Downloads\\0815146-68.2025.8.20.5004.pdf']
2025-11-14 11:29:41,955 - INFO - Reading file: C:\Users\thiag\Downloads\0815146-68.2025.8.20.5004.pdf
2025-11-14 11:29:41,955 - INFO - Extraindo texto de 0815146-68.2025.8.20.5004.pdf (tipo: .pdf)
2025-11-14 11:29:41,994 - INFO - Usando OCR para PDF: C:\Users\thiag\Downloads\0815146-68.2025.8.20.5004.pdf
2025-11-14 11:29:41,994 - INFO - Convertendo PDF para imagens: C:\Users\thiag\Downloads\0815146-68.2025.8.20.5004.pdf
2025-11-14 11:29:42,037 - ERROR - Erro durante OCR do PDF C:\Users\thiag\Downloads\0815146-68.2025.8.20.5004.pdf: Unable to get page count. Is poppler installed and in PATH?
2025-11-14 11:29:42,037 - WARNING - OCR falhou para C:\Users\thiag\Downloads\0815146-68.2025.8.20.5004.pdf: Unable to get page count. Is poppler installed and in PATH?, usando extração normal
2025-11-14 11:29:44,573 - INFO - Texto extraído com sucesso: 144515 caracteres
2025-11-14 11:29:44,573 - INFO - Text length: 144515
2025-11-14 11:29:44,573 - INFO - Docs prepared: 1
2025-11-14 11:29:44,625 - INFO - Arquivo JSON criado: C:\Users\thiag\Downloads\Contrarazoes ao Recurso Inominado\output_0001.json (1 documentos)
2025-11-14 11:29:44,625 - INFO - Processamento concluído: 1 documentos em 1 arquivo(s) JSON
2025-11-14 11:29:44,625 - INFO - JSONs written to C:/Users/thiag/Downloads/Contrarazoes ao Recurso Inominado: ['C:\\Users\\thiag\\Downloads\\Contrarazoes ao Recurso Inominado\\output_0001.json']
2025-11-14 11:29:44,695 - INFO - Índice salvo em C:\Users\thiag\Downloads\Contrarazoes ao Recurso Inominado\index.json (termos: 3299)
2025-11-14 11:29:44,696 - INFO - Índice criado em C:\Users\thiag\Downloads\Contrarazoes ao Recurso Inominado\index.json
